1644088833423	geckodriver	INFO	Listening on 127.0.0.1:52554
1644088836480	mozrunner::runner	INFO	Running command: "C:\\Program Files\\Mozilla Firefox\\firefox.exe" "--marionette" "-headless" "--remote-debugging-port" "52555" "-no-remote" "-profile" "C:\\Users\\kevin\\AppData\\Local\\Temp\\rust_mozprofile4NTHCk"
*** You are running in headless mode.
1644088836668	Marionette	INFO	Marionette enabled
[GFX1-]: RenderCompositorSWGL failed mapping default framebuffer, no dt
console.warn: SearchSettings: "get: No settings file exists, new profile?" (new NotFoundError("Could not open the file at C:\\Users\\kevin\\AppData\\Local\\Temp\\rust_mozprofile4NTHCk\\search.json.mozlz4", (void 0)))
DevTools listening on ws://localhost:52555/devtools/browser/75eb9fe3-07c5-40ca-a0d2-8dcfb55cc7fc
1644088837464	Marionette	INFO	Listening on port 52561
1644088837511	RemoteAgent	WARN	TLS certificate errors will be ignored for this session
JavaScript warning: https://ajax.googleapis.com/ajax/libs/jquery/1.3.2/jquery.min.js, line 19: unreachable code after return statement
console.warn: LoginRecipes: "getRecipes: falling back to a synchronous message for:" "https://pfaf.org"
JavaScript warning: https://ajax.googleapis.com/ajax/libs/jquery/1.3.2/jquery.min.js, line 19: unreachable code after return statement
console.warn: LoginRecipes: "getRecipes: falling back to a synchronous message for:" "https://pfaf.org"
JavaScript warning: https://ajax.googleapis.com/ajax/libs/jquery/1.3.2/jquery.min.js, line 19: unreachable code after return statement
console.warn: LoginRecipes: "getRecipes: falling back to a synchronous message for:" "https://pfaf.org"
JavaScript warning: https://ajax.googleapis.com/ajax/libs/jquery/1.3.2/jquery.min.js, line 19: unreachable code after return statement
console.warn: LoginRecipes: "getRecipes: falling back to a synchronous message for:" "https://pfaf.org"
console.warn: LoginRecipes: "getRecipes: falling back to a synchronous message for:" "https://pfaf.org"
console.warn: LoginRecipes: "getRecipes: falling back to a synchronous message for:" "https://pfaf.org"
console.warn: LoginRecipes: "getRecipes: falling back to a synchronous message for:" "https://pfaf.org"
console.warn: LoginRecipes: "getRecipes: falling back to a synchronous message for:" "https://pfaf.org"
console.warn: LoginRecipes: "getRecipes: falling back to a synchronous message for:" "https://pfaf.org"
console.warn: LoginRecipes: "getRecipes: falling back to a synchronous message for:" "https://pfaf.org"
console.warn: LoginRecipes: "getRecipes: falling back to a synchronous message for:" "https://pfaf.org"
console.warn: LoginRecipes: "getRecipes: falling back to a synchronous message for:" "https://pfaf.org"
console.warn: LoginRecipes: "getRecipes: falling back to a synchronous message for:" "https://pfaf.org"
console.warn: LoginRecipes: "getRecipes: falling back to a synchronous message for:" "https://pfaf.org"
console.warn: LoginRecipes: "getRecipes: falling back to a synchronous message for:" "https://pfaf.org"
console.warn: LoginRecipes: "getRecipes: falling back to a synchronous message for:" "https://pfaf.org"
console.warn: LoginRecipes: "getRecipes: falling back to a synchronous message for:" "https://pfaf.org"
console.warn: LoginRecipes: "getRecipes: falling back to a synchronous message for:" "https://pfaf.org"
console.warn: LoginRecipes: "getRecipes: falling back to a synchronous message for:" "https://pfaf.org"
console.warn: LoginRecipes: "getRecipes: falling back to a synchronous message for:" "https://pfaf.org"
console.warn: LoginRecipes: "getRecipes: falling back to a synchronous message for:" "https://pfaf.org"
console.warn: LoginRecipes: "getRecipes: falling back to a synchronous message for:" "https://pfaf.org"
console.warn: LoginRecipes: "getRecipes: falling back to a synchronous message for:" "https://pfaf.org"
console.warn: LoginRecipes: "getRecipes: falling back to a synchronous message for:" "https://pfaf.org"
console.warn: LoginRecipes: "getRecipes: falling back to a synchronous message for:" "https://pfaf.org"
console.warn: LoginRecipes: "getRecipes: falling back to a synchronous message for:" "https://pfaf.org"
console.warn: LoginRecipes: "getRecipes: falling back to a synchronous message for:" "https://pfaf.org"
console.warn: LoginRecipes: "getRecipes: falling back to a synchronous message for:" "https://pfaf.org"
console.warn: LoginRecipes: "getRecipes: falling back to a synchronous message for:" "https://pfaf.org"
console.warn: LoginRecipes: "getRecipes: falling back to a synchronous message for:" "https://pfaf.org"
console.warn: LoginRecipes: "getRecipes: falling back to a synchronous message for:" "https://pfaf.org"
console.warn: LoginRecipes: "getRecipes: falling back to a synchronous message for:" "https://pfaf.org"
console.warn: LoginRecipes: "getRecipes: falling back to a synchronous message for:" "https://pfaf.org"
console.warn: LoginRecipes: "getRecipes: falling back to a synchronous message for:" "https://pfaf.org"
console.warn: LoginRecipes: "getRecipes: falling back to a synchronous message for:" "https://pfaf.org"
console.warn: LoginRecipes: "getRecipes: falling back to a synchronous message for:" "https://pfaf.org"
console.warn: LoginRecipes: "getRecipes: falling back to a synchronous message for:" "https://pfaf.org"
console.warn: LoginRecipes: "getRecipes: falling back to a synchronous message for:" "https://pfaf.org"
console.warn: LoginRecipes: "getRecipes: falling back to a synchronous message for:" "https://pfaf.org"
console.warn: LoginRecipes: "getRecipes: falling back to a synchronous message for:" "https://pfaf.org"
console.warn: LoginRecipes: "getRecipes: falling back to a synchronous message for:" "https://pfaf.org"
console.warn: LoginRecipes: "getRecipes: falling back to a synchronous message for:" "https://pfaf.org"
console.warn: LoginRecipes: "getRecipes: falling back to a synchronous message for:" "https://pfaf.org"
console.warn: LoginRecipes: "getRecipes: falling back to a synchronous message for:" "https://pfaf.org"
console.warn: LoginRecipes: "getRecipes: falling back to a synchronous message for:" "https://pfaf.org"
console.warn: LoginRecipes: "getRecipes: falling back to a synchronous message for:" "https://pfaf.org"
console.warn: LoginRecipes: "getRecipes: falling back to a synchronous message for:" "https://pfaf.org"
console.warn: LoginRecipes: "getRecipes: falling back to a synchronous message for:" "https://pfaf.org"
console.warn: LoginRecipes: "getRecipes: falling back to a synchronous message for:" "https://pfaf.org"
console.warn: LoginRecipes: "getRecipes: falling back to a synchronous message for:" "https://pfaf.org"
console.warn: LoginRecipes: "getRecipes: falling back to a synchronous message for:" "https://pfaf.org"
console.warn: LoginRecipes: "getRecipes: falling back to a synchronous message for:" "https://pfaf.org"
console.warn: LoginRecipes: "getRecipes: falling back to a synchronous message for:" "https://pfaf.org"
console.warn: LoginRecipes: "getRecipes: falling back to a synchronous message for:" "https://pfaf.org"
console.warn: LoginRecipes: "getRecipes: falling back to a synchronous message for:" "https://pfaf.org"
console.warn: LoginRecipes: "getRecipes: falling back to a synchronous message for:" "https://pfaf.org"
console.warn: LoginRecipes: "getRecipes: falling back to a synchronous message for:" "https://pfaf.org"
console.warn: LoginRecipes: "getRecipes: falling back to a synchronous message for:" "https://pfaf.org"
console.warn: LoginRecipes: "getRecipes: falling back to a synchronous message for:" "https://pfaf.org"
console.warn: LoginRecipes: "getRecipes: falling back to a synchronous message for:" "https://pfaf.org"
console.warn: LoginRecipes: "getRecipes: falling back to a synchronous message for:" "https://pfaf.org"
console.warn: LoginRecipes: "getRecipes: falling back to a synchronous message for:" "https://pfaf.org"
console.warn: LoginRecipes: "getRecipes: falling back to a synchronous message for:" "https://pfaf.org"
console.warn: LoginRecipes: "getRecipes: falling back to a synchronous message for:" "https://pfaf.org"
console.warn: LoginRecipes: "getRecipes: falling back to a synchronous message for:" "https://pfaf.org"
console.warn: LoginRecipes: "getRecipes: falling back to a synchronous message for:" "https://pfaf.org"
console.warn: LoginRecipes: "getRecipes: falling back to a synchronous message for:" "https://pfaf.org"
console.warn: LoginRecipes: "getRecipes: falling back to a synchronous message for:" "https://pfaf.org"
console.warn: LoginRecipes: "getRecipes: falling back to a synchronous message for:" "https://pfaf.org"
console.warn: LoginRecipes: "getRecipes: falling back to a synchronous message for:" "https://pfaf.org"
console.warn: LoginRecipes: "getRecipes: falling back to a synchronous message for:" "https://pfaf.org"
console.warn: LoginRecipes: "getRecipes: falling back to a synchronous message for:" "https://pfaf.org"
console.warn: LoginRecipes: "getRecipes: falling back to a synchronous message for:" "https://pfaf.org"
console.warn: LoginRecipes: "getRecipes: falling back to a synchronous message for:" "https://pfaf.org"
console.warn: LoginRecipes: "getRecipes: falling back to a synchronous message for:" "https://pfaf.org"
console.warn: LoginRecipes: "getRecipes: falling back to a synchronous message for:" "https://pfaf.org"
console.warn: LoginRecipes: "getRecipes: falling back to a synchronous message for:" "https://pfaf.org"
1644088893050	Marionette	INFO	Stopped listening on port 52561

###!!! [Parent][RunMessage] Error: Channel closing: too late to send/recv, messages will be lost

1644089024991	geckodriver	INFO	Listening on 127.0.0.1:63799
1644089028054	mozrunner::runner	INFO	Running command: "C:\\Program Files\\Mozilla Firefox\\firefox.exe" "--marionette" "-headless" "--remote-debugging-port" "63800" "-no-remote" "-profile" "C:\\Users\\kevin\\AppData\\Local\\Temp\\rust_mozprofilewkzzXZ"
*** You are running in headless mode.
1644089028238	Marionette	INFO	Marionette enabled
[GFX1-]: RenderCompositorSWGL failed mapping default framebuffer, no dt
console.warn: SearchSettings: "get: No settings file exists, new profile?" (new NotFoundError("Could not open the file at C:\\Users\\kevin\\AppData\\Local\\Temp\\rust_mozprofilewkzzXZ\\search.json.mozlz4", (void 0)))
DevTools listening on ws://localhost:63800/devtools/browser/2ef36dd1-b52e-4e24-ab9c-7268b6e2692d
1644089028965	Marionette	INFO	Listening on port 63805
1644089029085	RemoteAgent	WARN	TLS certificate errors will be ignored for this session
JavaScript warning: https://ajax.googleapis.com/ajax/libs/jquery/1.3.2/jquery.min.js, line 19: unreachable code after return statement
console.warn: LoginRecipes: "getRecipes: falling back to a synchronous message for:" "https://pfaf.org"
JavaScript warning: https://ajax.googleapis.com/ajax/libs/jquery/1.3.2/jquery.min.js, line 19: unreachable code after return statement
console.warn: LoginRecipes: "getRecipes: falling back to a synchronous message for:" "https://pfaf.org"
JavaScript warning: https://ajax.googleapis.com/ajax/libs/jquery/1.3.2/jquery.min.js, line 19: unreachable code after return statement
console.warn: LoginRecipes: "getRecipes: falling back to a synchronous message for:" "https://pfaf.org"
JavaScript warning: https://ajax.googleapis.com/ajax/libs/jquery/1.3.2/jquery.min.js, line 19: unreachable code after return statement
console.warn: LoginRecipes: "getRecipes: falling back to a synchronous message for:" "https://pfaf.org"
console.warn: LoginRecipes: "getRecipes: falling back to a synchronous message for:" "https://pfaf.org"
console.warn: LoginRecipes: "getRecipes: falling back to a synchronous message for:" "https://pfaf.org"
console.warn: LoginRecipes: "getRecipes: falling back to a synchronous message for:" "https://pfaf.org"
console.warn: LoginRecipes: "getRecipes: falling back to a synchronous message for:" "https://pfaf.org"
console.warn: LoginRecipes: "getRecipes: falling back to a synchronous message for:" "https://pfaf.org"
console.warn: LoginRecipes: "getRecipes: falling back to a synchronous message for:" "https://pfaf.org"
console.warn: LoginRecipes: "getRecipes: falling back to a synchronous message for:" "https://pfaf.org"
console.warn: LoginRecipes: "getRecipes: falling back to a synchronous message for:" "https://pfaf.org"
console.warn: LoginRecipes: "getRecipes: falling back to a synchronous message for:" "https://pfaf.org"
console.warn: LoginRecipes: "getRecipes: falling back to a synchronous message for:" "https://pfaf.org"
console.warn: LoginRecipes: "getRecipes: falling back to a synchronous message for:" "https://pfaf.org"
console.warn: LoginRecipes: "getRecipes: falling back to a synchronous message for:" "https://pfaf.org"
console.warn: LoginRecipes: "getRecipes: falling back to a synchronous message for:" "https://pfaf.org"
console.warn: LoginRecipes: "getRecipes: falling back to a synchronous message for:" "https://pfaf.org"
console.warn: LoginRecipes: "getRecipes: falling back to a synchronous message for:" "https://pfaf.org"
console.warn: LoginRecipes: "getRecipes: falling back to a synchronous message for:" "https://pfaf.org"
console.warn: LoginRecipes: "getRecipes: falling back to a synchronous message for:" "https://pfaf.org"
console.warn: LoginRecipes: "getRecipes: falling back to a synchronous message for:" "https://pfaf.org"
console.warn: LoginRecipes: "getRecipes: falling back to a synchronous message for:" "https://pfaf.org"
console.warn: LoginRecipes: "getRecipes: falling back to a synchronous message for:" "https://pfaf.org"
console.warn: LoginRecipes: "getRecipes: falling back to a synchronous message for:" "https://pfaf.org"
console.warn: LoginRecipes: "getRecipes: falling back to a synchronous message for:" "https://pfaf.org"
console.warn: LoginRecipes: "getRecipes: falling back to a synchronous message for:" "https://pfaf.org"
console.warn: LoginRecipes: "getRecipes: falling back to a synchronous message for:" "https://pfaf.org"
console.warn: LoginRecipes: "getRecipes: falling back to a synchronous message for:" "https://pfaf.org"
console.warn: LoginRecipes: "getRecipes: falling back to a synchronous message for:" "https://pfaf.org"
console.warn: LoginRecipes: "getRecipes: falling back to a synchronous message for:" "https://pfaf.org"
console.warn: LoginRecipes: "getRecipes: falling back to a synchronous message for:" "https://pfaf.org"
console.warn: LoginRecipes: "getRecipes: falling back to a synchronous message for:" "https://pfaf.org"
console.warn: LoginRecipes: "getRecipes: falling back to a synchronous message for:" "https://pfaf.org"
console.warn: LoginRecipes: "getRecipes: falling back to a synchronous message for:" "https://pfaf.org"
console.warn: LoginRecipes: "getRecipes: falling back to a synchronous message for:" "https://pfaf.org"
console.warn: LoginRecipes: "getRecipes: falling back to a synchronous message for:" "https://pfaf.org"
console.warn: LoginRecipes: "getRecipes: falling back to a synchronous message for:" "https://pfaf.org"
console.warn: LoginRecipes: "getRecipes: falling back to a synchronous message for:" "https://pfaf.org"
console.warn: LoginRecipes: "getRecipes: falling back to a synchronous message for:" "https://pfaf.org"
console.warn: LoginRecipes: "getRecipes: falling back to a synchronous message for:" "https://pfaf.org"
console.warn: LoginRecipes: "getRecipes: falling back to a synchronous message for:" "https://pfaf.org"
console.warn: LoginRecipes: "getRecipes: falling back to a synchronous message for:" "https://pfaf.org"
console.warn: LoginRecipes: "getRecipes: falling back to a synchronous message for:" "https://pfaf.org"
console.warn: LoginRecipes: "getRecipes: falling back to a synchronous message for:" "https://pfaf.org"
console.warn: LoginRecipes: "getRecipes: falling back to a synchronous message for:" "https://pfaf.org"
console.warn: LoginRecipes: "getRecipes: falling back to a synchronous message for:" "https://pfaf.org"
console.warn: LoginRecipes: "getRecipes: falling back to a synchronous message for:" "https://pfaf.org"
console.warn: LoginRecipes: "getRecipes: falling back to a synchronous message for:" "https://pfaf.org"
console.warn: LoginRecipes: "getRecipes: falling back to a synchronous message for:" "https://pfaf.org"
console.warn: LoginRecipes: "getRecipes: falling back to a synchronous message for:" "https://pfaf.org"
console.warn: LoginRecipes: "getRecipes: falling back to a synchronous message for:" "https://pfaf.org"
console.warn: LoginRecipes: "getRecipes: falling back to a synchronous message for:" "https://pfaf.org"
console.warn: LoginRecipes: "getRecipes: falling back to a synchronous message for:" "https://pfaf.org"
console.warn: LoginRecipes: "getRecipes: falling back to a synchronous message for:" "https://pfaf.org"
console.warn: LoginRecipes: "getRecipes: falling back to a synchronous message for:" "https://pfaf.org"
console.warn: LoginRecipes: "getRecipes: falling back to a synchronous message for:" "https://pfaf.org"
console.warn: LoginRecipes: "getRecipes: falling back to a synchronous message for:" "https://pfaf.org"
console.warn: LoginRecipes: "getRecipes: falling back to a synchronous message for:" "https://pfaf.org"
console.warn: LoginRecipes: "getRecipes: falling back to a synchronous message for:" "https://pfaf.org"
console.warn: LoginRecipes: "getRecipes: falling back to a synchronous message for:" "https://pfaf.org"
console.warn: LoginRecipes: "getRecipes: falling back to a synchronous message for:" "https://pfaf.org"
console.warn: LoginRecipes: "getRecipes: falling back to a synchronous message for:" "https://pfaf.org"
console.warn: LoginRecipes: "getRecipes: falling back to a synchronous message for:" "https://pfaf.org"
console.warn: LoginRecipes: "getRecipes: falling back to a synchronous message for:" "https://pfaf.org"
console.warn: LoginRecipes: "getRecipes: falling back to a synchronous message for:" "https://pfaf.org"
console.warn: LoginRecipes: "getRecipes: falling back to a synchronous message for:" "https://pfaf.org"
console.warn: LoginRecipes: "getRecipes: falling back to a synchronous message for:" "https://pfaf.org"
console.warn: LoginRecipes: "getRecipes: falling back to a synchronous message for:" "https://pfaf.org"
console.warn: LoginRecipes: "getRecipes: falling back to a synchronous message for:" "https://pfaf.org"
console.warn: LoginRecipes: "getRecipes: falling back to a synchronous message for:" "https://pfaf.org"
console.warn: LoginRecipes: "getRecipes: falling back to a synchronous message for:" "https://pfaf.org"
console.warn: LoginRecipes: "getRecipes: falling back to a synchronous message for:" "https://pfaf.org"
console.warn: LoginRecipes: "getRecipes: falling back to a synchronous message for:" "https://pfaf.org"
console.warn: LoginRecipes: "getRecipes: falling back to a synchronous message for:" "https://pfaf.org"
console.warn: LoginRecipes: "getRecipes: falling back to a synchronous message for:" "https://pfaf.org"
console.warn: LoginRecipes: "getRecipes: falling back to a synchronous message for:" "https://pfaf.org"
console.warn: LoginRecipes: "getRecipes: falling back to a synchronous message for:" "https://pfaf.org"
console.warn: LoginRecipes: "getRecipes: falling back to a synchronous message for:" "https://pfaf.org"
console.warn: LoginRecipes: "getRecipes: falling back to a synchronous message for:" "https://pfaf.org"
console.warn: LoginRecipes: "getRecipes: falling back to a synchronous message for:" "https://pfaf.org"
console.warn: LoginRecipes: "getRecipes: falling back to a synchronous message for:" "https://pfaf.org"
console.warn: LoginRecipes: "getRecipes: falling back to a synchronous message for:" "https://pfaf.org"
1644089089144	Marionette	INFO	Stopped listening on port 63805

###!!! [Parent][RunMessage] Error: Channel closing: too late to send/recv, messages will be lost

1644091135275	geckodriver	INFO	Listening on 127.0.0.1:65345
1644091138337	mozrunner::runner	INFO	Running command: "C:\\Program Files\\Mozilla Firefox\\firefox.exe" "--marionette" "-headless" "--remote-debugging-port" "65346" "-no-remote" "-profile" "C:\\Users\\kevin\\AppData\\Local\\Temp\\rust_mozprofileZQNkFy"
*** You are running in headless mode.
1644091138521	Marionette	INFO	Marionette enabled
[GFX1-]: RenderCompositorSWGL failed mapping default framebuffer, no dt
console.warn: SearchSettings: "get: No settings file exists, new profile?" (new NotFoundError("Could not open the file at C:\\Users\\kevin\\AppData\\Local\\Temp\\rust_mozprofileZQNkFy\\search.json.mozlz4", (void 0)))
DevTools listening on ws://localhost:65346/devtools/browser/dc1a5742-bf22-4a7b-8a86-e6fc445c0754
1644091139282	Marionette	INFO	Listening on port 65351
1644091139368	RemoteAgent	WARN	TLS certificate errors will be ignored for this session
JavaScript warning: https://ajax.googleapis.com/ajax/libs/jquery/1.3.2/jquery.min.js, line 19: unreachable code after return statement
console.warn: LoginRecipes: "getRecipes: falling back to a synchronous message for:" "https://pfaf.org"
JavaScript warning: https://ajax.googleapis.com/ajax/libs/jquery/1.3.2/jquery.min.js, line 19: unreachable code after return statement
console.warn: LoginRecipes: "getRecipes: falling back to a synchronous message for:" "https://pfaf.org"
JavaScript warning: https://ajax.googleapis.com/ajax/libs/jquery/1.3.2/jquery.min.js, line 19: unreachable code after return statement
console.warn: LoginRecipes: "getRecipes: falling back to a synchronous message for:" "https://pfaf.org"
JavaScript warning: https://ajax.googleapis.com/ajax/libs/jquery/1.3.2/jquery.min.js, line 19: unreachable code after return statement
console.warn: LoginRecipes: "getRecipes: falling back to a synchronous message for:" "https://pfaf.org"
console.warn: LoginRecipes: "getRecipes: falling back to a synchronous message for:" "https://pfaf.org"
console.warn: LoginRecipes: "getRecipes: falling back to a synchronous message for:" "https://pfaf.org"
console.warn: LoginRecipes: "getRecipes: falling back to a synchronous message for:" "https://pfaf.org"
console.warn: LoginRecipes: "getRecipes: falling back to a synchronous message for:" "https://pfaf.org"
console.warn: LoginRecipes: "getRecipes: falling back to a synchronous message for:" "https://pfaf.org"
console.warn: LoginRecipes: "getRecipes: falling back to a synchronous message for:" "https://pfaf.org"
console.warn: LoginRecipes: "getRecipes: falling back to a synchronous message for:" "https://pfaf.org"
console.warn: LoginRecipes: "getRecipes: falling back to a synchronous message for:" "https://pfaf.org"
console.warn: LoginRecipes: "getRecipes: falling back to a synchronous message for:" "https://pfaf.org"
console.warn: LoginRecipes: "getRecipes: falling back to a synchronous message for:" "https://pfaf.org"
console.warn: LoginRecipes: "getRecipes: falling back to a synchronous message for:" "https://pfaf.org"
console.warn: LoginRecipes: "getRecipes: falling back to a synchronous message for:" "https://pfaf.org"
console.warn: LoginRecipes: "getRecipes: falling back to a synchronous message for:" "https://pfaf.org"
console.warn: LoginRecipes: "getRecipes: falling back to a synchronous message for:" "https://pfaf.org"
console.warn: LoginRecipes: "getRecipes: falling back to a synchronous message for:" "https://pfaf.org"
console.warn: LoginRecipes: "getRecipes: falling back to a synchronous message for:" "https://pfaf.org"
console.warn: LoginRecipes: "getRecipes: falling back to a synchronous message for:" "https://pfaf.org"
console.warn: LoginRecipes: "getRecipes: falling back to a synchronous message for:" "https://pfaf.org"
console.warn: LoginRecipes: "getRecipes: falling back to a synchronous message for:" "https://pfaf.org"
console.warn: LoginRecipes: "getRecipes: falling back to a synchronous message for:" "https://pfaf.org"
console.warn: LoginRecipes: "getRecipes: falling back to a synchronous message for:" "https://pfaf.org"
console.warn: LoginRecipes: "getRecipes: falling back to a synchronous message for:" "https://pfaf.org"
console.warn: LoginRecipes: "getRecipes: falling back to a synchronous message for:" "https://pfaf.org"
console.warn: LoginRecipes: "getRecipes: falling back to a synchronous message for:" "https://pfaf.org"
console.warn: LoginRecipes: "getRecipes: falling back to a synchronous message for:" "https://pfaf.org"
console.warn: LoginRecipes: "getRecipes: falling back to a synchronous message for:" "https://pfaf.org"
console.warn: LoginRecipes: "getRecipes: falling back to a synchronous message for:" "https://pfaf.org"
console.warn: LoginRecipes: "getRecipes: falling back to a synchronous message for:" "https://pfaf.org"
console.warn: LoginRecipes: "getRecipes: falling back to a synchronous message for:" "https://pfaf.org"
console.warn: LoginRecipes: "getRecipes: falling back to a synchronous message for:" "https://pfaf.org"
console.warn: LoginRecipes: "getRecipes: falling back to a synchronous message for:" "https://pfaf.org"
console.warn: LoginRecipes: "getRecipes: falling back to a synchronous message for:" "https://pfaf.org"
console.warn: LoginRecipes: "getRecipes: falling back to a synchronous message for:" "https://pfaf.org"
console.warn: LoginRecipes: "getRecipes: falling back to a synchronous message for:" "https://pfaf.org"
console.warn: LoginRecipes: "getRecipes: falling back to a synchronous message for:" "https://pfaf.org"
console.warn: LoginRecipes: "getRecipes: falling back to a synchronous message for:" "https://pfaf.org"
console.warn: LoginRecipes: "getRecipes: falling back to a synchronous message for:" "https://pfaf.org"
console.warn: LoginRecipes: "getRecipes: falling back to a synchronous message for:" "https://pfaf.org"
console.warn: LoginRecipes: "getRecipes: falling back to a synchronous message for:" "https://pfaf.org"
console.warn: LoginRecipes: "getRecipes: falling back to a synchronous message for:" "https://pfaf.org"
console.warn: LoginRecipes: "getRecipes: falling back to a synchronous message for:" "https://pfaf.org"
console.warn: LoginRecipes: "getRecipes: falling back to a synchronous message for:" "https://pfaf.org"
console.warn: LoginRecipes: "getRecipes: falling back to a synchronous message for:" "https://pfaf.org"
console.warn: LoginRecipes: "getRecipes: falling back to a synchronous message for:" "https://pfaf.org"
console.warn: LoginRecipes: "getRecipes: falling back to a synchronous message for:" "https://pfaf.org"
console.warn: LoginRecipes: "getRecipes: falling back to a synchronous message for:" "https://pfaf.org"
console.warn: LoginRecipes: "getRecipes: falling back to a synchronous message for:" "https://pfaf.org"
console.warn: LoginRecipes: "getRecipes: falling back to a synchronous message for:" "https://pfaf.org"
console.warn: LoginRecipes: "getRecipes: falling back to a synchronous message for:" "https://pfaf.org"
console.warn: LoginRecipes: "getRecipes: falling back to a synchronous message for:" "https://pfaf.org"
console.warn: LoginRecipes: "getRecipes: falling back to a synchronous message for:" "https://pfaf.org"
console.warn: LoginRecipes: "getRecipes: falling back to a synchronous message for:" "https://pfaf.org"
console.warn: LoginRecipes: "getRecipes: falling back to a synchronous message for:" "https://pfaf.org"
console.warn: LoginRecipes: "getRecipes: falling back to a synchronous message for:" "https://pfaf.org"
console.warn: LoginRecipes: "getRecipes: falling back to a synchronous message for:" "https://pfaf.org"
console.warn: LoginRecipes: "getRecipes: falling back to a synchronous message for:" "https://pfaf.org"
console.warn: LoginRecipes: "getRecipes: falling back to a synchronous message for:" "https://pfaf.org"
console.warn: LoginRecipes: "getRecipes: falling back to a synchronous message for:" "https://pfaf.org"
console.warn: LoginRecipes: "getRecipes: falling back to a synchronous message for:" "https://pfaf.org"
console.warn: LoginRecipes: "getRecipes: falling back to a synchronous message for:" "https://pfaf.org"
console.warn: LoginRecipes: "getRecipes: falling back to a synchronous message for:" "https://pfaf.org"
console.warn: LoginRecipes: "getRecipes: falling back to a synchronous message for:" "https://pfaf.org"
console.warn: LoginRecipes: "getRecipes: falling back to a synchronous message for:" "https://pfaf.org"
console.warn: LoginRecipes: "getRecipes: falling back to a synchronous message for:" "https://pfaf.org"
console.warn: LoginRecipes: "getRecipes: falling back to a synchronous message for:" "https://pfaf.org"
console.warn: LoginRecipes: "getRecipes: falling back to a synchronous message for:" "https://pfaf.org"
console.warn: LoginRecipes: "getRecipes: falling back to a synchronous message for:" "https://pfaf.org"
console.warn: LoginRecipes: "getRecipes: falling back to a synchronous message for:" "https://pfaf.org"
console.warn: LoginRecipes: "getRecipes: falling back to a synchronous message for:" "https://pfaf.org"
console.warn: LoginRecipes: "getRecipes: falling back to a synchronous message for:" "https://pfaf.org"
console.warn: LoginRecipes: "getRecipes: falling back to a synchronous message for:" "https://pfaf.org"
console.warn: LoginRecipes: "getRecipes: falling back to a synchronous message for:" "https://pfaf.org"
console.warn: LoginRecipes: "getRecipes: falling back to a synchronous message for:" "https://pfaf.org"
console.warn: LoginRecipes: "getRecipes: falling back to a synchronous message for:" "https://pfaf.org"
console.warn: LoginRecipes: "getRecipes: falling back to a synchronous message for:" "https://pfaf.org"
console.warn: LoginRecipes: "getRecipes: falling back to a synchronous message for:" "https://pfaf.org"
console.warn: LoginRecipes: "getRecipes: falling back to a synchronous message for:" "https://pfaf.org"
console.warn: LoginRecipes: "getRecipes: falling back to a synchronous message for:" "https://pfaf.org"
console.warn: LoginRecipes: "getRecipes: falling back to a synchronous message for:" "https://pfaf.org"
1644091197659	Marionette	INFO	Stopped listening on port 65351

###!!! [Parent][RunMessage] Error: Channel closing: too late to send/recv, messages will be lost

1644091860283	geckodriver	INFO	Listening on 127.0.0.1:65479
1644091863337	mozrunner::runner	INFO	Running command: "C:\\Program Files\\Mozilla Firefox\\firefox.exe" "--marionette" "-headless" "--remote-debugging-port" "65480" "-no-remote" "-profile" "C:\\Users\\kevin\\AppData\\Local\\Temp\\rust_mozprofilerwouqs"
*** You are running in headless mode.
1644091863524	Marionette	INFO	Marionette enabled
[GFX1-]: RenderCompositorSWGL failed mapping default framebuffer, no dt
console.warn: SearchSettings: "get: No settings file exists, new profile?" (new NotFoundError("Could not open the file at C:\\Users\\kevin\\AppData\\Local\\Temp\\rust_mozprofilerwouqs\\search.json.mozlz4", (void 0)))
DevTools listening on ws://localhost:65480/devtools/browser/9b169e49-0aa9-46d9-a883-b182565b7267
1644091864305	Marionette	INFO	Listening on port 58990
1644091864368	RemoteAgent	WARN	TLS certificate errors will be ignored for this session
JavaScript warning: https://ajax.googleapis.com/ajax/libs/jquery/1.3.2/jquery.min.js, line 19: unreachable code after return statement
console.warn: LoginRecipes: "getRecipes: falling back to a synchronous message for:" "https://pfaf.org"
JavaScript warning: https://ajax.googleapis.com/ajax/libs/jquery/1.3.2/jquery.min.js, line 19: unreachable code after return statement
console.warn: LoginRecipes: "getRecipes: falling back to a synchronous message for:" "https://pfaf.org"
JavaScript warning: https://ajax.googleapis.com/ajax/libs/jquery/1.3.2/jquery.min.js, line 19: unreachable code after return statement
console.warn: LoginRecipes: "getRecipes: falling back to a synchronous message for:" "https://pfaf.org"
JavaScript warning: https://ajax.googleapis.com/ajax/libs/jquery/1.3.2/jquery.min.js, line 19: unreachable code after return statement
console.warn: LoginRecipes: "getRecipes: falling back to a synchronous message for:" "https://pfaf.org"
console.warn: LoginRecipes: "getRecipes: falling back to a synchronous message for:" "https://pfaf.org"
console.warn: LoginRecipes: "getRecipes: falling back to a synchronous message for:" "https://pfaf.org"
console.warn: LoginRecipes: "getRecipes: falling back to a synchronous message for:" "https://pfaf.org"
console.warn: LoginRecipes: "getRecipes: falling back to a synchronous message for:" "https://pfaf.org"
console.warn: LoginRecipes: "getRecipes: falling back to a synchronous message for:" "https://pfaf.org"
console.warn: LoginRecipes: "getRecipes: falling back to a synchronous message for:" "https://pfaf.org"
console.warn: LoginRecipes: "getRecipes: falling back to a synchronous message for:" "https://pfaf.org"
console.warn: LoginRecipes: "getRecipes: falling back to a synchronous message for:" "https://pfaf.org"
console.warn: LoginRecipes: "getRecipes: falling back to a synchronous message for:" "https://pfaf.org"
console.warn: LoginRecipes: "getRecipes: falling back to a synchronous message for:" "https://pfaf.org"
console.warn: LoginRecipes: "getRecipes: falling back to a synchronous message for:" "https://pfaf.org"
console.warn: LoginRecipes: "getRecipes: falling back to a synchronous message for:" "https://pfaf.org"
console.warn: LoginRecipes: "getRecipes: falling back to a synchronous message for:" "https://pfaf.org"
console.warn: LoginRecipes: "getRecipes: falling back to a synchronous message for:" "https://pfaf.org"
console.warn: LoginRecipes: "getRecipes: falling back to a synchronous message for:" "https://pfaf.org"
console.warn: LoginRecipes: "getRecipes: falling back to a synchronous message for:" "https://pfaf.org"
console.warn: LoginRecipes: "getRecipes: falling back to a synchronous message for:" "https://pfaf.org"
console.warn: LoginRecipes: "getRecipes: falling back to a synchronous message for:" "https://pfaf.org"
console.warn: LoginRecipes: "getRecipes: falling back to a synchronous message for:" "https://pfaf.org"
console.warn: LoginRecipes: "getRecipes: falling back to a synchronous message for:" "https://pfaf.org"
console.warn: LoginRecipes: "getRecipes: falling back to a synchronous message for:" "https://pfaf.org"
console.warn: LoginRecipes: "getRecipes: falling back to a synchronous message for:" "https://pfaf.org"
console.warn: LoginRecipes: "getRecipes: falling back to a synchronous message for:" "https://pfaf.org"
console.warn: LoginRecipes: "getRecipes: falling back to a synchronous message for:" "https://pfaf.org"
console.warn: LoginRecipes: "getRecipes: falling back to a synchronous message for:" "https://pfaf.org"
console.warn: LoginRecipes: "getRecipes: falling back to a synchronous message for:" "https://pfaf.org"
console.warn: LoginRecipes: "getRecipes: falling back to a synchronous message for:" "https://pfaf.org"
console.warn: LoginRecipes: "getRecipes: falling back to a synchronous message for:" "https://pfaf.org"
console.warn: LoginRecipes: "getRecipes: falling back to a synchronous message for:" "https://pfaf.org"
console.warn: LoginRecipes: "getRecipes: falling back to a synchronous message for:" "https://pfaf.org"
console.warn: LoginRecipes: "getRecipes: falling back to a synchronous message for:" "https://pfaf.org"
console.warn: LoginRecipes: "getRecipes: falling back to a synchronous message for:" "https://pfaf.org"
console.warn: LoginRecipes: "getRecipes: falling back to a synchronous message for:" "https://pfaf.org"
console.warn: LoginRecipes: "getRecipes: falling back to a synchronous message for:" "https://pfaf.org"
console.warn: LoginRecipes: "getRecipes: falling back to a synchronous message for:" "https://pfaf.org"
console.warn: LoginRecipes: "getRecipes: falling back to a synchronous message for:" "https://pfaf.org"
console.warn: LoginRecipes: "getRecipes: falling back to a synchronous message for:" "https://pfaf.org"
console.warn: LoginRecipes: "getRecipes: falling back to a synchronous message for:" "https://pfaf.org"
console.warn: LoginRecipes: "getRecipes: falling back to a synchronous message for:" "https://pfaf.org"
console.warn: LoginRecipes: "getRecipes: falling back to a synchronous message for:" "https://pfaf.org"
console.warn: LoginRecipes: "getRecipes: falling back to a synchronous message for:" "https://pfaf.org"
console.warn: LoginRecipes: "getRecipes: falling back to a synchronous message for:" "https://pfaf.org"
console.warn: LoginRecipes: "getRecipes: falling back to a synchronous message for:" "https://pfaf.org"
console.warn: LoginRecipes: "getRecipes: falling back to a synchronous message for:" "https://pfaf.org"
console.warn: LoginRecipes: "getRecipes: falling back to a synchronous message for:" "https://pfaf.org"
console.warn: LoginRecipes: "getRecipes: falling back to a synchronous message for:" "https://pfaf.org"
console.warn: LoginRecipes: "getRecipes: falling back to a synchronous message for:" "https://pfaf.org"
console.warn: LoginRecipes: "getRecipes: falling back to a synchronous message for:" "https://pfaf.org"
console.warn: LoginRecipes: "getRecipes: falling back to a synchronous message for:" "https://pfaf.org"
console.warn: LoginRecipes: "getRecipes: falling back to a synchronous message for:" "https://pfaf.org"
console.warn: LoginRecipes: "getRecipes: falling back to a synchronous message for:" "https://pfaf.org"
console.warn: LoginRecipes: "getRecipes: falling back to a synchronous message for:" "https://pfaf.org"
console.warn: LoginRecipes: "getRecipes: falling back to a synchronous message for:" "https://pfaf.org"
console.warn: LoginRecipes: "getRecipes: falling back to a synchronous message for:" "https://pfaf.org"
console.warn: LoginRecipes: "getRecipes: falling back to a synchronous message for:" "https://pfaf.org"
console.warn: LoginRecipes: "getRecipes: falling back to a synchronous message for:" "https://pfaf.org"
console.warn: LoginRecipes: "getRecipes: falling back to a synchronous message for:" "https://pfaf.org"
console.warn: LoginRecipes: "getRecipes: falling back to a synchronous message for:" "https://pfaf.org"
console.warn: LoginRecipes: "getRecipes: falling back to a synchronous message for:" "https://pfaf.org"
console.warn: LoginRecipes: "getRecipes: falling back to a synchronous message for:" "https://pfaf.org"
console.warn: LoginRecipes: "getRecipes: falling back to a synchronous message for:" "https://pfaf.org"
console.warn: LoginRecipes: "getRecipes: falling back to a synchronous message for:" "https://pfaf.org"
console.warn: LoginRecipes: "getRecipes: falling back to a synchronous message for:" "https://pfaf.org"
console.warn: LoginRecipes: "getRecipes: falling back to a synchronous message for:" "https://pfaf.org"
console.warn: LoginRecipes: "getRecipes: falling back to a synchronous message for:" "https://pfaf.org"
console.warn: LoginRecipes: "getRecipes: falling back to a synchronous message for:" "https://pfaf.org"
console.warn: LoginRecipes: "getRecipes: falling back to a synchronous message for:" "https://pfaf.org"
console.warn: LoginRecipes: "getRecipes: falling back to a synchronous message for:" "https://pfaf.org"
console.warn: LoginRecipes: "getRecipes: falling back to a synchronous message for:" "https://pfaf.org"
console.warn: LoginRecipes: "getRecipes: falling back to a synchronous message for:" "https://pfaf.org"
console.warn: LoginRecipes: "getRecipes: falling back to a synchronous message for:" "https://pfaf.org"
console.warn: LoginRecipes: "getRecipes: falling back to a synchronous message for:" "https://pfaf.org"
console.warn: LoginRecipes: "getRecipes: falling back to a synchronous message for:" "https://pfaf.org"
console.warn: LoginRecipes: "getRecipes: falling back to a synchronous message for:" "https://pfaf.org"
console.warn: LoginRecipes: "getRecipes: falling back to a synchronous message for:" "https://pfaf.org"
console.warn: LoginRecipes: "getRecipes: falling back to a synchronous message for:" "https://pfaf.org"
console.warn: LoginRecipes: "getRecipes: falling back to a synchronous message for:" "https://pfaf.org"
console.warn: LoginRecipes: "getRecipes: falling back to a synchronous message for:" "https://pfaf.org"
console.warn: LoginRecipes: "getRecipes: falling back to a synchronous message for:" "https://pfaf.org"
1644091924178	Marionette	INFO	Stopped listening on port 58990

###!!! [Parent][RunMessage] Error: Channel closing: too late to send/recv, messages will be lost

1644094513306	geckodriver	INFO	Listening on 127.0.0.1:58697
1644094516363	mozrunner::runner	INFO	Running command: "C:\\Program Files\\Mozilla Firefox\\firefox.exe" "--marionette" "-headless" "--remote-debugging-port" "58698" "-no-remote" "-profile" "C:\\Users\\kevin\\AppData\\Local\\Temp\\rust_mozprofilepPG5Tz"
*** You are running in headless mode.
1644094516551	Marionette	INFO	Marionette enabled
[GFX1-]: RenderCompositorSWGL failed mapping default framebuffer, no dt
console.warn: SearchSettings: "get: No settings file exists, new profile?" (new NotFoundError("Could not open the file at C:\\Users\\kevin\\AppData\\Local\\Temp\\rust_mozprofilepPG5Tz\\search.json.mozlz4", (void 0)))
DevTools listening on ws://localhost:58698/devtools/browser/fca55824-ce53-4a5d-af74-64acb401f91c
1644094517333	Marionette	INFO	Listening on port 58703
1644094517394	RemoteAgent	WARN	TLS certificate errors will be ignored for this session
JavaScript warning: https://ajax.googleapis.com/ajax/libs/jquery/1.3.2/jquery.min.js, line 19: unreachable code after return statement
console.warn: LoginRecipes: "getRecipes: falling back to a synchronous message for:" "https://pfaf.org"
JavaScript warning: https://ajax.googleapis.com/ajax/libs/jquery/1.3.2/jquery.min.js, line 19: unreachable code after return statement
console.warn: LoginRecipes: "getRecipes: falling back to a synchronous message for:" "https://pfaf.org"
JavaScript warning: https://ajax.googleapis.com/ajax/libs/jquery/1.3.2/jquery.min.js, line 19: unreachable code after return statement
console.warn: LoginRecipes: "getRecipes: falling back to a synchronous message for:" "https://pfaf.org"
JavaScript warning: https://ajax.googleapis.com/ajax/libs/jquery/1.3.2/jquery.min.js, line 19: unreachable code after return statement
console.warn: LoginRecipes: "getRecipes: falling back to a synchronous message for:" "https://pfaf.org"
console.warn: LoginRecipes: "getRecipes: falling back to a synchronous message for:" "https://pfaf.org"
console.warn: LoginRecipes: "getRecipes: falling back to a synchronous message for:" "https://pfaf.org"
console.warn: LoginRecipes: "getRecipes: falling back to a synchronous message for:" "https://pfaf.org"
console.warn: LoginRecipes: "getRecipes: falling back to a synchronous message for:" "https://pfaf.org"
console.warn: LoginRecipes: "getRecipes: falling back to a synchronous message for:" "https://pfaf.org"
console.warn: LoginRecipes: "getRecipes: falling back to a synchronous message for:" "https://pfaf.org"
console.warn: LoginRecipes: "getRecipes: falling back to a synchronous message for:" "https://pfaf.org"
console.warn: LoginRecipes: "getRecipes: falling back to a synchronous message for:" "https://pfaf.org"
console.warn: LoginRecipes: "getRecipes: falling back to a synchronous message for:" "https://pfaf.org"
console.warn: LoginRecipes: "getRecipes: falling back to a synchronous message for:" "https://pfaf.org"
console.warn: LoginRecipes: "getRecipes: falling back to a synchronous message for:" "https://pfaf.org"
console.warn: LoginRecipes: "getRecipes: falling back to a synchronous message for:" "https://pfaf.org"
console.warn: LoginRecipes: "getRecipes: falling back to a synchronous message for:" "https://pfaf.org"
console.warn: LoginRecipes: "getRecipes: falling back to a synchronous message for:" "https://pfaf.org"
console.warn: LoginRecipes: "getRecipes: falling back to a synchronous message for:" "https://pfaf.org"
console.warn: LoginRecipes: "getRecipes: falling back to a synchronous message for:" "https://pfaf.org"
console.warn: LoginRecipes: "getRecipes: falling back to a synchronous message for:" "https://pfaf.org"
console.warn: LoginRecipes: "getRecipes: falling back to a synchronous message for:" "https://pfaf.org"
console.warn: LoginRecipes: "getRecipes: falling back to a synchronous message for:" "https://pfaf.org"
console.warn: LoginRecipes: "getRecipes: falling back to a synchronous message for:" "https://pfaf.org"
console.warn: LoginRecipes: "getRecipes: falling back to a synchronous message for:" "https://pfaf.org"
console.warn: LoginRecipes: "getRecipes: falling back to a synchronous message for:" "https://pfaf.org"
console.warn: LoginRecipes: "getRecipes: falling back to a synchronous message for:" "https://pfaf.org"
console.warn: LoginRecipes: "getRecipes: falling back to a synchronous message for:" "https://pfaf.org"
console.warn: LoginRecipes: "getRecipes: falling back to a synchronous message for:" "https://pfaf.org"
console.warn: LoginRecipes: "getRecipes: falling back to a synchronous message for:" "https://pfaf.org"
console.warn: LoginRecipes: "getRecipes: falling back to a synchronous message for:" "https://pfaf.org"
console.warn: LoginRecipes: "getRecipes: falling back to a synchronous message for:" "https://pfaf.org"
console.warn: LoginRecipes: "getRecipes: falling back to a synchronous message for:" "https://pfaf.org"
console.warn: LoginRecipes: "getRecipes: falling back to a synchronous message for:" "https://pfaf.org"
console.warn: LoginRecipes: "getRecipes: falling back to a synchronous message for:" "https://pfaf.org"
console.warn: LoginRecipes: "getRecipes: falling back to a synchronous message for:" "https://pfaf.org"
console.warn: LoginRecipes: "getRecipes: falling back to a synchronous message for:" "https://pfaf.org"
console.warn: LoginRecipes: "getRecipes: falling back to a synchronous message for:" "https://pfaf.org"
console.warn: LoginRecipes: "getRecipes: falling back to a synchronous message for:" "https://pfaf.org"
console.warn: LoginRecipes: "getRecipes: falling back to a synchronous message for:" "https://pfaf.org"
console.warn: LoginRecipes: "getRecipes: falling back to a synchronous message for:" "https://pfaf.org"
console.warn: LoginRecipes: "getRecipes: falling back to a synchronous message for:" "https://pfaf.org"
console.warn: LoginRecipes: "getRecipes: falling back to a synchronous message for:" "https://pfaf.org"
console.warn: LoginRecipes: "getRecipes: falling back to a synchronous message for:" "https://pfaf.org"
console.warn: LoginRecipes: "getRecipes: falling back to a synchronous message for:" "https://pfaf.org"
console.warn: LoginRecipes: "getRecipes: falling back to a synchronous message for:" "https://pfaf.org"
console.warn: LoginRecipes: "getRecipes: falling back to a synchronous message for:" "https://pfaf.org"
console.warn: LoginRecipes: "getRecipes: falling back to a synchronous message for:" "https://pfaf.org"
console.warn: LoginRecipes: "getRecipes: falling back to a synchronous message for:" "https://pfaf.org"
console.warn: LoginRecipes: "getRecipes: falling back to a synchronous message for:" "https://pfaf.org"
console.warn: LoginRecipes: "getRecipes: falling back to a synchronous message for:" "https://pfaf.org"
console.warn: LoginRecipes: "getRecipes: falling back to a synchronous message for:" "https://pfaf.org"
console.warn: LoginRecipes: "getRecipes: falling back to a synchronous message for:" "https://pfaf.org"
console.warn: LoginRecipes: "getRecipes: falling back to a synchronous message for:" "https://pfaf.org"
console.warn: LoginRecipes: "getRecipes: falling back to a synchronous message for:" "https://pfaf.org"
console.warn: LoginRecipes: "getRecipes: falling back to a synchronous message for:" "https://pfaf.org"
console.warn: LoginRecipes: "getRecipes: falling back to a synchronous message for:" "https://pfaf.org"
console.warn: LoginRecipes: "getRecipes: falling back to a synchronous message for:" "https://pfaf.org"
console.warn: LoginRecipes: "getRecipes: falling back to a synchronous message for:" "https://pfaf.org"
console.warn: LoginRecipes: "getRecipes: falling back to a synchronous message for:" "https://pfaf.org"
console.warn: LoginRecipes: "getRecipes: falling back to a synchronous message for:" "https://pfaf.org"
console.warn: LoginRecipes: "getRecipes: falling back to a synchronous message for:" "https://pfaf.org"
console.warn: LoginRecipes: "getRecipes: falling back to a synchronous message for:" "https://pfaf.org"
console.warn: LoginRecipes: "getRecipes: falling back to a synchronous message for:" "https://pfaf.org"
console.warn: LoginRecipes: "getRecipes: falling back to a synchronous message for:" "https://pfaf.org"
console.warn: LoginRecipes: "getRecipes: falling back to a synchronous message for:" "https://pfaf.org"
console.warn: LoginRecipes: "getRecipes: falling back to a synchronous message for:" "https://pfaf.org"
console.warn: LoginRecipes: "getRecipes: falling back to a synchronous message for:" "https://pfaf.org"
console.warn: LoginRecipes: "getRecipes: falling back to a synchronous message for:" "https://pfaf.org"
console.warn: LoginRecipes: "getRecipes: falling back to a synchronous message for:" "https://pfaf.org"
console.warn: LoginRecipes: "getRecipes: falling back to a synchronous message for:" "https://pfaf.org"
console.warn: LoginRecipes: "getRecipes: falling back to a synchronous message for:" "https://pfaf.org"
console.warn: LoginRecipes: "getRecipes: falling back to a synchronous message for:" "https://pfaf.org"
console.warn: LoginRecipes: "getRecipes: falling back to a synchronous message for:" "https://pfaf.org"
console.warn: LoginRecipes: "getRecipes: falling back to a synchronous message for:" "https://pfaf.org"
console.warn: LoginRecipes: "getRecipes: falling back to a synchronous message for:" "https://pfaf.org"
console.warn: LoginRecipes: "getRecipes: falling back to a synchronous message for:" "https://pfaf.org"
console.warn: LoginRecipes: "getRecipes: falling back to a synchronous message for:" "https://pfaf.org"
console.warn: LoginRecipes: "getRecipes: falling back to a synchronous message for:" "https://pfaf.org"
console.warn: LoginRecipes: "getRecipes: falling back to a synchronous message for:" "https://pfaf.org"
console.warn: LoginRecipes: "getRecipes: falling back to a synchronous message for:" "https://pfaf.org"
console.warn: LoginRecipes: "getRecipes: falling back to a synchronous message for:" "https://pfaf.org"
console.warn: LoginRecipes: "getRecipes: falling back to a synchronous message for:" "https://pfaf.org"
1644094672795	Marionette	INFO	Stopped listening on port 58703

###!!! [Parent][RunMessage] Error: Channel closing: too late to send/recv, messages will be lost

1644104460440	geckodriver	INFO	Listening on 127.0.0.1:64082
1644104463499	mozrunner::runner	INFO	Running command: "C:\\Program Files\\Mozilla Firefox\\firefox.exe" "--marionette" "-headless" "--remote-debugging-port" "64083" "-no-remote" "-profile" "C:\\Users\\kevin\\AppData\\Local\\Temp\\rust_mozprofileqaq3JS"
*** You are running in headless mode.
1644104463686	Marionette	INFO	Marionette enabled
[GFX1-]: RenderCompositorSWGL failed mapping default framebuffer, no dt
console.warn: SearchSettings: "get: No settings file exists, new profile?" (new NotFoundError("Could not open the file at C:\\Users\\kevin\\AppData\\Local\\Temp\\rust_mozprofileqaq3JS\\search.json.mozlz4", (void 0)))
DevTools listening on ws://localhost:64083/devtools/browser/be5debfd-017f-49b5-b346-4df97fdaae04
1644104464458	Marionette	INFO	Listening on port 64088
1644104464531	RemoteAgent	WARN	TLS certificate errors will be ignored for this session
JavaScript warning: https://ajax.googleapis.com/ajax/libs/jquery/1.3.2/jquery.min.js, line 19: unreachable code after return statement
console.warn: LoginRecipes: "getRecipes: falling back to a synchronous message for:" "https://pfaf.org"
JavaScript warning: https://ajax.googleapis.com/ajax/libs/jquery/1.3.2/jquery.min.js, line 19: unreachable code after return statement
console.warn: LoginRecipes: "getRecipes: falling back to a synchronous message for:" "https://pfaf.org"
JavaScript warning: https://ajax.googleapis.com/ajax/libs/jquery/1.3.2/jquery.min.js, line 19: unreachable code after return statement
console.warn: LoginRecipes: "getRecipes: falling back to a synchronous message for:" "https://pfaf.org"
JavaScript warning: https://ajax.googleapis.com/ajax/libs/jquery/1.3.2/jquery.min.js, line 19: unreachable code after return statement
console.warn: LoginRecipes: "getRecipes: falling back to a synchronous message for:" "https://pfaf.org"
console.warn: LoginRecipes: "getRecipes: falling back to a synchronous message for:" "https://pfaf.org"
console.warn: LoginRecipes: "getRecipes: falling back to a synchronous message for:" "https://pfaf.org"
console.warn: LoginRecipes: "getRecipes: falling back to a synchronous message for:" "https://pfaf.org"
console.warn: LoginRecipes: "getRecipes: falling back to a synchronous message for:" "https://pfaf.org"
console.warn: LoginRecipes: "getRecipes: falling back to a synchronous message for:" "https://pfaf.org"
console.warn: LoginRecipes: "getRecipes: falling back to a synchronous message for:" "https://pfaf.org"
console.warn: LoginRecipes: "getRecipes: falling back to a synchronous message for:" "https://pfaf.org"
console.warn: LoginRecipes: "getRecipes: falling back to a synchronous message for:" "https://pfaf.org"
console.warn: LoginRecipes: "getRecipes: falling back to a synchronous message for:" "https://pfaf.org"
console.warn: LoginRecipes: "getRecipes: falling back to a synchronous message for:" "https://pfaf.org"
console.warn: LoginRecipes: "getRecipes: falling back to a synchronous message for:" "https://pfaf.org"
console.warn: LoginRecipes: "getRecipes: falling back to a synchronous message for:" "https://pfaf.org"
console.warn: LoginRecipes: "getRecipes: falling back to a synchronous message for:" "https://pfaf.org"
console.warn: LoginRecipes: "getRecipes: falling back to a synchronous message for:" "https://pfaf.org"
console.warn: LoginRecipes: "getRecipes: falling back to a synchronous message for:" "https://pfaf.org"
console.warn: LoginRecipes: "getRecipes: falling back to a synchronous message for:" "https://pfaf.org"
console.warn: LoginRecipes: "getRecipes: falling back to a synchronous message for:" "https://pfaf.org"
console.warn: LoginRecipes: "getRecipes: falling back to a synchronous message for:" "https://pfaf.org"
console.warn: LoginRecipes: "getRecipes: falling back to a synchronous message for:" "https://pfaf.org"
console.warn: LoginRecipes: "getRecipes: falling back to a synchronous message for:" "https://pfaf.org"
console.warn: LoginRecipes: "getRecipes: falling back to a synchronous message for:" "https://pfaf.org"
console.warn: LoginRecipes: "getRecipes: falling back to a synchronous message for:" "https://pfaf.org"
console.warn: LoginRecipes: "getRecipes: falling back to a synchronous message for:" "https://pfaf.org"
console.warn: LoginRecipes: "getRecipes: falling back to a synchronous message for:" "https://pfaf.org"
console.warn: LoginRecipes: "getRecipes: falling back to a synchronous message for:" "https://pfaf.org"
console.warn: LoginRecipes: "getRecipes: falling back to a synchronous message for:" "https://pfaf.org"
console.warn: LoginRecipes: "getRecipes: falling back to a synchronous message for:" "https://pfaf.org"
console.warn: LoginRecipes: "getRecipes: falling back to a synchronous message for:" "https://pfaf.org"
console.warn: LoginRecipes: "getRecipes: falling back to a synchronous message for:" "https://pfaf.org"
console.warn: LoginRecipes: "getRecipes: falling back to a synchronous message for:" "https://pfaf.org"
console.warn: LoginRecipes: "getRecipes: falling back to a synchronous message for:" "https://pfaf.org"
console.warn: LoginRecipes: "getRecipes: falling back to a synchronous message for:" "https://pfaf.org"
console.warn: LoginRecipes: "getRecipes: falling back to a synchronous message for:" "https://pfaf.org"
console.warn: LoginRecipes: "getRecipes: falling back to a synchronous message for:" "https://pfaf.org"
console.warn: LoginRecipes: "getRecipes: falling back to a synchronous message for:" "https://pfaf.org"
console.warn: LoginRecipes: "getRecipes: falling back to a synchronous message for:" "https://pfaf.org"
console.warn: LoginRecipes: "getRecipes: falling back to a synchronous message for:" "https://pfaf.org"
console.warn: LoginRecipes: "getRecipes: falling back to a synchronous message for:" "https://pfaf.org"
console.warn: LoginRecipes: "getRecipes: falling back to a synchronous message for:" "https://pfaf.org"
console.warn: LoginRecipes: "getRecipes: falling back to a synchronous message for:" "https://pfaf.org"
console.warn: LoginRecipes: "getRecipes: falling back to a synchronous message for:" "https://pfaf.org"
console.warn: LoginRecipes: "getRecipes: falling back to a synchronous message for:" "https://pfaf.org"
console.warn: LoginRecipes: "getRecipes: falling back to a synchronous message for:" "https://pfaf.org"
console.warn: LoginRecipes: "getRecipes: falling back to a synchronous message for:" "https://pfaf.org"
console.warn: LoginRecipes: "getRecipes: falling back to a synchronous message for:" "https://pfaf.org"
console.warn: LoginRecipes: "getRecipes: falling back to a synchronous message for:" "https://pfaf.org"
console.warn: LoginRecipes: "getRecipes: falling back to a synchronous message for:" "https://pfaf.org"
console.warn: LoginRecipes: "getRecipes: falling back to a synchronous message for:" "https://pfaf.org"
console.warn: LoginRecipes: "getRecipes: falling back to a synchronous message for:" "https://pfaf.org"
console.warn: LoginRecipes: "getRecipes: falling back to a synchronous message for:" "https://pfaf.org"
console.warn: LoginRecipes: "getRecipes: falling back to a synchronous message for:" "https://pfaf.org"
console.warn: LoginRecipes: "getRecipes: falling back to a synchronous message for:" "https://pfaf.org"
console.warn: LoginRecipes: "getRecipes: falling back to a synchronous message for:" "https://pfaf.org"
console.warn: LoginRecipes: "getRecipes: falling back to a synchronous message for:" "https://pfaf.org"
console.warn: LoginRecipes: "getRecipes: falling back to a synchronous message for:" "https://pfaf.org"
console.warn: LoginRecipes: "getRecipes: falling back to a synchronous message for:" "https://pfaf.org"
console.warn: LoginRecipes: "getRecipes: falling back to a synchronous message for:" "https://pfaf.org"
console.warn: LoginRecipes: "getRecipes: falling back to a synchronous message for:" "https://pfaf.org"
console.warn: LoginRecipes: "getRecipes: falling back to a synchronous message for:" "https://pfaf.org"
console.warn: LoginRecipes: "getRecipes: falling back to a synchronous message for:" "https://pfaf.org"
console.warn: LoginRecipes: "getRecipes: falling back to a synchronous message for:" "https://pfaf.org"
console.warn: LoginRecipes: "getRecipes: falling back to a synchronous message for:" "https://pfaf.org"
console.warn: LoginRecipes: "getRecipes: falling back to a synchronous message for:" "https://pfaf.org"
console.warn: LoginRecipes: "getRecipes: falling back to a synchronous message for:" "https://pfaf.org"
console.warn: LoginRecipes: "getRecipes: falling back to a synchronous message for:" "https://pfaf.org"
console.warn: LoginRecipes: "getRecipes: falling back to a synchronous message for:" "https://pfaf.org"
console.warn: LoginRecipes: "getRecipes: falling back to a synchronous message for:" "https://pfaf.org"
console.warn: LoginRecipes: "getRecipes: falling back to a synchronous message for:" "https://pfaf.org"
console.warn: LoginRecipes: "getRecipes: falling back to a synchronous message for:" "https://pfaf.org"
console.warn: LoginRecipes: "getRecipes: falling back to a synchronous message for:" "https://pfaf.org"
console.warn: LoginRecipes: "getRecipes: falling back to a synchronous message for:" "https://pfaf.org"
console.warn: LoginRecipes: "getRecipes: falling back to a synchronous message for:" "https://pfaf.org"
console.warn: LoginRecipes: "getRecipes: falling back to a synchronous message for:" "https://pfaf.org"
console.warn: LoginRecipes: "getRecipes: falling back to a synchronous message for:" "https://pfaf.org"
console.warn: LoginRecipes: "getRecipes: falling back to a synchronous message for:" "https://pfaf.org"
console.warn: LoginRecipes: "getRecipes: falling back to a synchronous message for:" "https://pfaf.org"
console.warn: LoginRecipes: "getRecipes: falling back to a synchronous message for:" "https://pfaf.org"
console.warn: LoginRecipes: "getRecipes: falling back to a synchronous message for:" "https://pfaf.org"
console.warn: LoginRecipes: "getRecipes: falling back to a synchronous message for:" "https://pfaf.org"
1644104853922	geckodriver	INFO	Listening on 127.0.0.1:64594
1644104856975	mozrunner::runner	INFO	Running command: "C:\\Program Files\\Mozilla Firefox\\firefox.exe" "--marionette" "-headless" "--remote-debugging-port" "64595" "-no-remote" "-profile" "C:\\Users\\kevin\\AppData\\Local\\Temp\\rust_mozprofileFemZv8"
*** You are running in headless mode.
1644104857172	Marionette	INFO	Marionette enabled
[GFX1-]: RenderCompositorSWGL failed mapping default framebuffer, no dt
console.warn: SearchSettings: "get: No settings file exists, new profile?" (new NotFoundError("Could not open the file at C:\\Users\\kevin\\AppData\\Local\\Temp\\rust_mozprofileFemZv8\\search.json.mozlz4", (void 0)))
DevTools listening on ws://localhost:64595/devtools/browser/cc3f7773-14b3-4313-bdc9-5338bd127de1
1644104858000	Marionette	INFO	Listening on port 64600
1644104858513	RemoteAgent	WARN	TLS certificate errors will be ignored for this session
JavaScript warning: https://ajax.googleapis.com/ajax/libs/jquery/1.3.2/jquery.min.js, line 19: unreachable code after return statement
console.warn: LoginRecipes: "getRecipes: falling back to a synchronous message for:" "https://pfaf.org"
JavaScript warning: https://ajax.googleapis.com/ajax/libs/jquery/1.3.2/jquery.min.js, line 19: unreachable code after return statement
console.warn: LoginRecipes: "getRecipes: falling back to a synchronous message for:" "https://pfaf.org"
JavaScript warning: https://ajax.googleapis.com/ajax/libs/jquery/1.3.2/jquery.min.js, line 19: unreachable code after return statement
console.warn: LoginRecipes: "getRecipes: falling back to a synchronous message for:" "https://pfaf.org"
JavaScript warning: https://ajax.googleapis.com/ajax/libs/jquery/1.3.2/jquery.min.js, line 19: unreachable code after return statement
console.warn: LoginRecipes: "getRecipes: falling back to a synchronous message for:" "https://pfaf.org"
console.warn: LoginRecipes: "getRecipes: falling back to a synchronous message for:" "https://pfaf.org"
console.warn: LoginRecipes: "getRecipes: falling back to a synchronous message for:" "https://pfaf.org"
console.warn: LoginRecipes: "getRecipes: falling back to a synchronous message for:" "https://pfaf.org"
console.warn: LoginRecipes: "getRecipes: falling back to a synchronous message for:" "https://pfaf.org"
console.warn: LoginRecipes: "getRecipes: falling back to a synchronous message for:" "https://pfaf.org"
console.warn: LoginRecipes: "getRecipes: falling back to a synchronous message for:" "https://pfaf.org"
console.warn: LoginRecipes: "getRecipes: falling back to a synchronous message for:" "https://pfaf.org"
console.warn: LoginRecipes: "getRecipes: falling back to a synchronous message for:" "https://pfaf.org"
console.warn: LoginRecipes: "getRecipes: falling back to a synchronous message for:" "https://pfaf.org"
console.warn: LoginRecipes: "getRecipes: falling back to a synchronous message for:" "https://pfaf.org"
console.warn: LoginRecipes: "getRecipes: falling back to a synchronous message for:" "https://pfaf.org"
console.warn: LoginRecipes: "getRecipes: falling back to a synchronous message for:" "https://pfaf.org"
console.warn: LoginRecipes: "getRecipes: falling back to a synchronous message for:" "https://pfaf.org"
console.warn: LoginRecipes: "getRecipes: falling back to a synchronous message for:" "https://pfaf.org"
console.warn: LoginRecipes: "getRecipes: falling back to a synchronous message for:" "https://pfaf.org"
console.warn: LoginRecipes: "getRecipes: falling back to a synchronous message for:" "https://pfaf.org"
console.warn: LoginRecipes: "getRecipes: falling back to a synchronous message for:" "https://pfaf.org"
console.warn: LoginRecipes: "getRecipes: falling back to a synchronous message for:" "https://pfaf.org"
console.warn: LoginRecipes: "getRecipes: falling back to a synchronous message for:" "https://pfaf.org"
console.warn: LoginRecipes: "getRecipes: falling back to a synchronous message for:" "https://pfaf.org"
console.warn: LoginRecipes: "getRecipes: falling back to a synchronous message for:" "https://pfaf.org"
console.warn: LoginRecipes: "getRecipes: falling back to a synchronous message for:" "https://pfaf.org"
console.warn: LoginRecipes: "getRecipes: falling back to a synchronous message for:" "https://pfaf.org"
console.warn: LoginRecipes: "getRecipes: falling back to a synchronous message for:" "https://pfaf.org"
console.warn: LoginRecipes: "getRecipes: falling back to a synchronous message for:" "https://pfaf.org"
console.warn: LoginRecipes: "getRecipes: falling back to a synchronous message for:" "https://pfaf.org"
console.warn: LoginRecipes: "getRecipes: falling back to a synchronous message for:" "https://pfaf.org"
console.warn: LoginRecipes: "getRecipes: falling back to a synchronous message for:" "https://pfaf.org"
console.warn: LoginRecipes: "getRecipes: falling back to a synchronous message for:" "https://pfaf.org"
console.warn: LoginRecipes: "getRecipes: falling back to a synchronous message for:" "https://pfaf.org"
console.warn: LoginRecipes: "getRecipes: falling back to a synchronous message for:" "https://pfaf.org"
console.warn: LoginRecipes: "getRecipes: falling back to a synchronous message for:" "https://pfaf.org"
console.warn: LoginRecipes: "getRecipes: falling back to a synchronous message for:" "https://pfaf.org"
console.warn: LoginRecipes: "getRecipes: falling back to a synchronous message for:" "https://pfaf.org"
console.warn: LoginRecipes: "getRecipes: falling back to a synchronous message for:" "https://pfaf.org"
console.warn: LoginRecipes: "getRecipes: falling back to a synchronous message for:" "https://pfaf.org"
console.warn: LoginRecipes: "getRecipes: falling back to a synchronous message for:" "https://pfaf.org"
console.warn: LoginRecipes: "getRecipes: falling back to a synchronous message for:" "https://pfaf.org"
console.warn: LoginRecipes: "getRecipes: falling back to a synchronous message for:" "https://pfaf.org"
console.warn: LoginRecipes: "getRecipes: falling back to a synchronous message for:" "https://pfaf.org"
console.warn: LoginRecipes: "getRecipes: falling back to a synchronous message for:" "https://pfaf.org"
console.warn: LoginRecipes: "getRecipes: falling back to a synchronous message for:" "https://pfaf.org"
console.warn: LoginRecipes: "getRecipes: falling back to a synchronous message for:" "https://pfaf.org"
console.warn: LoginRecipes: "getRecipes: falling back to a synchronous message for:" "https://pfaf.org"
console.warn: LoginRecipes: "getRecipes: falling back to a synchronous message for:" "https://pfaf.org"
console.warn: LoginRecipes: "getRecipes: falling back to a synchronous message for:" "https://pfaf.org"
console.warn: LoginRecipes: "getRecipes: falling back to a synchronous message for:" "https://pfaf.org"
console.warn: LoginRecipes: "getRecipes: falling back to a synchronous message for:" "https://pfaf.org"
console.warn: LoginRecipes: "getRecipes: falling back to a synchronous message for:" "https://pfaf.org"
console.warn: LoginRecipes: "getRecipes: falling back to a synchronous message for:" "https://pfaf.org"
console.warn: LoginRecipes: "getRecipes: falling back to a synchronous message for:" "https://pfaf.org"
console.warn: LoginRecipes: "getRecipes: falling back to a synchronous message for:" "https://pfaf.org"
console.warn: LoginRecipes: "getRecipes: falling back to a synchronous message for:" "https://pfaf.org"
console.warn: LoginRecipes: "getRecipes: falling back to a synchronous message for:" "https://pfaf.org"
console.warn: LoginRecipes: "getRecipes: falling back to a synchronous message for:" "https://pfaf.org"
console.warn: LoginRecipes: "getRecipes: falling back to a synchronous message for:" "https://pfaf.org"
console.warn: LoginRecipes: "getRecipes: falling back to a synchronous message for:" "https://pfaf.org"
console.warn: LoginRecipes: "getRecipes: falling back to a synchronous message for:" "https://pfaf.org"
console.warn: LoginRecipes: "getRecipes: falling back to a synchronous message for:" "https://pfaf.org"
console.warn: LoginRecipes: "getRecipes: falling back to a synchronous message for:" "https://pfaf.org"
console.warn: LoginRecipes: "getRecipes: falling back to a synchronous message for:" "https://pfaf.org"
console.warn: LoginRecipes: "getRecipes: falling back to a synchronous message for:" "https://pfaf.org"
console.warn: LoginRecipes: "getRecipes: falling back to a synchronous message for:" "https://pfaf.org"
console.warn: LoginRecipes: "getRecipes: falling back to a synchronous message for:" "https://pfaf.org"
console.warn: LoginRecipes: "getRecipes: falling back to a synchronous message for:" "https://pfaf.org"
console.warn: LoginRecipes: "getRecipes: falling back to a synchronous message for:" "https://pfaf.org"
console.warn: LoginRecipes: "getRecipes: falling back to a synchronous message for:" "https://pfaf.org"
console.warn: LoginRecipes: "getRecipes: falling back to a synchronous message for:" "https://pfaf.org"
console.warn: LoginRecipes: "getRecipes: falling back to a synchronous message for:" "https://pfaf.org"
console.warn: LoginRecipes: "getRecipes: falling back to a synchronous message for:" "https://pfaf.org"
console.warn: LoginRecipes: "getRecipes: falling back to a synchronous message for:" "https://pfaf.org"
console.warn: LoginRecipes: "getRecipes: falling back to a synchronous message for:" "https://pfaf.org"
console.warn: LoginRecipes: "getRecipes: falling back to a synchronous message for:" "https://pfaf.org"
console.warn: LoginRecipes: "getRecipes: falling back to a synchronous message for:" "https://pfaf.org"
console.warn: LoginRecipes: "getRecipes: falling back to a synchronous message for:" "https://pfaf.org"
console.warn: LoginRecipes: "getRecipes: falling back to a synchronous message for:" "https://pfaf.org"
console.warn: LoginRecipes: "getRecipes: falling back to a synchronous message for:" "https://pfaf.org"
console.warn: LoginRecipes: "getRecipes: falling back to a synchronous message for:" "https://pfaf.org"
console.warn: LoginRecipes: "getRecipes: falling back to a synchronous message for:" "https://pfaf.org"
1644105590001	geckodriver	INFO	Listening on 127.0.0.1:52238
1644105593035	mozrunner::runner	INFO	Running command: "C:\\Program Files\\Mozilla Firefox\\firefox.exe" "--marionette" "-headless" "--remote-debugging-port" "52239" "-no-remote" "-profile" "C:\\Users\\kevin\\AppData\\Local\\Temp\\rust_mozprofileF3wR5o"
*** You are running in headless mode.
1644105593231	Marionette	INFO	Marionette enabled
[GFX1-]: RenderCompositorSWGL failed mapping default framebuffer, no dt
console.warn: SearchSettings: "get: No settings file exists, new profile?" (new NotFoundError("Could not open the file at C:\\Users\\kevin\\AppData\\Local\\Temp\\rust_mozprofileF3wR5o\\search.json.mozlz4", (void 0)))
DevTools listening on ws://localhost:52239/devtools/browser/0ddd1bb3-f9d9-402b-8eaa-37cebd62c1e9
1644105594005	Marionette	INFO	Listening on port 52244
1644105594067	RemoteAgent	WARN	TLS certificate errors will be ignored for this session
JavaScript warning: https://ajax.googleapis.com/ajax/libs/jquery/1.3.2/jquery.min.js, line 19: unreachable code after return statement
console.warn: LoginRecipes: "getRecipes: falling back to a synchronous message for:" "https://pfaf.org"
JavaScript warning: https://ajax.googleapis.com/ajax/libs/jquery/1.3.2/jquery.min.js, line 19: unreachable code after return statement
console.warn: LoginRecipes: "getRecipes: falling back to a synchronous message for:" "https://pfaf.org"
JavaScript warning: https://ajax.googleapis.com/ajax/libs/jquery/1.3.2/jquery.min.js, line 19: unreachable code after return statement
console.warn: LoginRecipes: "getRecipes: falling back to a synchronous message for:" "https://pfaf.org"
JavaScript warning: https://ajax.googleapis.com/ajax/libs/jquery/1.3.2/jquery.min.js, line 19: unreachable code after return statement
console.warn: LoginRecipes: "getRecipes: falling back to a synchronous message for:" "https://pfaf.org"
console.warn: LoginRecipes: "getRecipes: falling back to a synchronous message for:" "https://pfaf.org"
console.warn: LoginRecipes: "getRecipes: falling back to a synchronous message for:" "https://pfaf.org"
console.warn: LoginRecipes: "getRecipes: falling back to a synchronous message for:" "https://pfaf.org"
console.warn: LoginRecipes: "getRecipes: falling back to a synchronous message for:" "https://pfaf.org"
console.warn: LoginRecipes: "getRecipes: falling back to a synchronous message for:" "https://pfaf.org"
console.warn: LoginRecipes: "getRecipes: falling back to a synchronous message for:" "https://pfaf.org"
console.warn: LoginRecipes: "getRecipes: falling back to a synchronous message for:" "https://pfaf.org"
console.warn: LoginRecipes: "getRecipes: falling back to a synchronous message for:" "https://pfaf.org"
console.warn: LoginRecipes: "getRecipes: falling back to a synchronous message for:" "https://pfaf.org"
console.warn: LoginRecipes: "getRecipes: falling back to a synchronous message for:" "https://pfaf.org"
console.warn: LoginRecipes: "getRecipes: falling back to a synchronous message for:" "https://pfaf.org"
console.warn: LoginRecipes: "getRecipes: falling back to a synchronous message for:" "https://pfaf.org"
console.warn: LoginRecipes: "getRecipes: falling back to a synchronous message for:" "https://pfaf.org"
console.warn: LoginRecipes: "getRecipes: falling back to a synchronous message for:" "https://pfaf.org"
console.warn: LoginRecipes: "getRecipes: falling back to a synchronous message for:" "https://pfaf.org"
console.warn: LoginRecipes: "getRecipes: falling back to a synchronous message for:" "https://pfaf.org"
console.warn: LoginRecipes: "getRecipes: falling back to a synchronous message for:" "https://pfaf.org"
console.warn: LoginRecipes: "getRecipes: falling back to a synchronous message for:" "https://pfaf.org"
console.warn: LoginRecipes: "getRecipes: falling back to a synchronous message for:" "https://pfaf.org"
console.warn: LoginRecipes: "getRecipes: falling back to a synchronous message for:" "https://pfaf.org"
console.warn: LoginRecipes: "getRecipes: falling back to a synchronous message for:" "https://pfaf.org"
console.warn: LoginRecipes: "getRecipes: falling back to a synchronous message for:" "https://pfaf.org"
console.warn: LoginRecipes: "getRecipes: falling back to a synchronous message for:" "https://pfaf.org"
console.warn: LoginRecipes: "getRecipes: falling back to a synchronous message for:" "https://pfaf.org"
console.warn: LoginRecipes: "getRecipes: falling back to a synchronous message for:" "https://pfaf.org"
console.warn: LoginRecipes: "getRecipes: falling back to a synchronous message for:" "https://pfaf.org"
console.warn: LoginRecipes: "getRecipes: falling back to a synchronous message for:" "https://pfaf.org"
console.warn: LoginRecipes: "getRecipes: falling back to a synchronous message for:" "https://pfaf.org"
console.warn: LoginRecipes: "getRecipes: falling back to a synchronous message for:" "https://pfaf.org"
console.warn: LoginRecipes: "getRecipes: falling back to a synchronous message for:" "https://pfaf.org"
console.warn: LoginRecipes: "getRecipes: falling back to a synchronous message for:" "https://pfaf.org"
console.warn: LoginRecipes: "getRecipes: falling back to a synchronous message for:" "https://pfaf.org"
console.warn: LoginRecipes: "getRecipes: falling back to a synchronous message for:" "https://pfaf.org"
console.warn: LoginRecipes: "getRecipes: falling back to a synchronous message for:" "https://pfaf.org"
console.warn: LoginRecipes: "getRecipes: falling back to a synchronous message for:" "https://pfaf.org"
console.warn: LoginRecipes: "getRecipes: falling back to a synchronous message for:" "https://pfaf.org"
console.warn: LoginRecipes: "getRecipes: falling back to a synchronous message for:" "https://pfaf.org"
console.warn: LoginRecipes: "getRecipes: falling back to a synchronous message for:" "https://pfaf.org"
console.warn: LoginRecipes: "getRecipes: falling back to a synchronous message for:" "https://pfaf.org"
console.warn: LoginRecipes: "getRecipes: falling back to a synchronous message for:" "https://pfaf.org"
console.warn: LoginRecipes: "getRecipes: falling back to a synchronous message for:" "https://pfaf.org"
console.warn: LoginRecipes: "getRecipes: falling back to a synchronous message for:" "https://pfaf.org"
console.warn: LoginRecipes: "getRecipes: falling back to a synchronous message for:" "https://pfaf.org"
console.warn: LoginRecipes: "getRecipes: falling back to a synchronous message for:" "https://pfaf.org"
console.warn: LoginRecipes: "getRecipes: falling back to a synchronous message for:" "https://pfaf.org"
console.warn: LoginRecipes: "getRecipes: falling back to a synchronous message for:" "https://pfaf.org"
console.warn: LoginRecipes: "getRecipes: falling back to a synchronous message for:" "https://pfaf.org"
console.warn: LoginRecipes: "getRecipes: falling back to a synchronous message for:" "https://pfaf.org"
console.warn: LoginRecipes: "getRecipes: falling back to a synchronous message for:" "https://pfaf.org"
console.warn: LoginRecipes: "getRecipes: falling back to a synchronous message for:" "https://pfaf.org"
console.warn: LoginRecipes: "getRecipes: falling back to a synchronous message for:" "https://pfaf.org"
console.warn: LoginRecipes: "getRecipes: falling back to a synchronous message for:" "https://pfaf.org"
console.warn: LoginRecipes: "getRecipes: falling back to a synchronous message for:" "https://pfaf.org"
console.warn: LoginRecipes: "getRecipes: falling back to a synchronous message for:" "https://pfaf.org"
console.warn: LoginRecipes: "getRecipes: falling back to a synchronous message for:" "https://pfaf.org"
console.warn: LoginRecipes: "getRecipes: falling back to a synchronous message for:" "https://pfaf.org"
console.warn: LoginRecipes: "getRecipes: falling back to a synchronous message for:" "https://pfaf.org"
console.warn: LoginRecipes: "getRecipes: falling back to a synchronous message for:" "https://pfaf.org"
console.warn: LoginRecipes: "getRecipes: falling back to a synchronous message for:" "https://pfaf.org"
console.warn: LoginRecipes: "getRecipes: falling back to a synchronous message for:" "https://pfaf.org"
console.warn: LoginRecipes: "getRecipes: falling back to a synchronous message for:" "https://pfaf.org"
console.warn: LoginRecipes: "getRecipes: falling back to a synchronous message for:" "https://pfaf.org"
console.warn: LoginRecipes: "getRecipes: falling back to a synchronous message for:" "https://pfaf.org"
console.warn: LoginRecipes: "getRecipes: falling back to a synchronous message for:" "https://pfaf.org"
console.warn: LoginRecipes: "getRecipes: falling back to a synchronous message for:" "https://pfaf.org"
console.warn: LoginRecipes: "getRecipes: falling back to a synchronous message for:" "https://pfaf.org"
console.warn: LoginRecipes: "getRecipes: falling back to a synchronous message for:" "https://pfaf.org"
console.warn: LoginRecipes: "getRecipes: falling back to a synchronous message for:" "https://pfaf.org"
console.warn: LoginRecipes: "getRecipes: falling back to a synchronous message for:" "https://pfaf.org"
console.warn: LoginRecipes: "getRecipes: falling back to a synchronous message for:" "https://pfaf.org"
console.warn: LoginRecipes: "getRecipes: falling back to a synchronous message for:" "https://pfaf.org"
console.warn: LoginRecipes: "getRecipes: falling back to a synchronous message for:" "https://pfaf.org"
console.warn: LoginRecipes: "getRecipes: falling back to a synchronous message for:" "https://pfaf.org"
console.warn: LoginRecipes: "getRecipes: falling back to a synchronous message for:" "https://pfaf.org"
console.warn: LoginRecipes: "getRecipes: falling back to a synchronous message for:" "https://pfaf.org"
console.warn: LoginRecipes: "getRecipes: falling back to a synchronous message for:" "https://pfaf.org"
console.warn: LoginRecipes: "getRecipes: falling back to a synchronous message for:" "https://pfaf.org"
console.warn: LoginRecipes: "getRecipes: falling back to a synchronous message for:" "https://pfaf.org"
console.warn: LoginRecipes: "getRecipes: falling back to a synchronous message for:" "https://pfaf.org"
1644105740283	Marionette	INFO	Stopped listening on port 52244

###!!! [Parent][RunMessage] Error: Channel closing: too late to send/recv, messages will be lost

1644106151107	geckodriver	INFO	Listening on 127.0.0.1:52438
1644106154159	mozrunner::runner	INFO	Running command: "C:\\Program Files\\Mozilla Firefox\\firefox.exe" "--marionette" "-headless" "--remote-debugging-port" "52439" "-no-remote" "-profile" "C:\\Users\\kevin\\AppData\\Local\\Temp\\rust_mozprofilez0KH3P"
*** You are running in headless mode.
1644106154344	Marionette	INFO	Marionette enabled
[GFX1-]: RenderCompositorSWGL failed mapping default framebuffer, no dt
console.warn: SearchSettings: "get: No settings file exists, new profile?" (new NotFoundError("Could not open the file at C:\\Users\\kevin\\AppData\\Local\\Temp\\rust_mozprofilez0KH3P\\search.json.mozlz4", (void 0)))
DevTools listening on ws://localhost:52439/devtools/browser/fc9ea52e-a6cd-4fca-8876-9db8a42cb5d3
1644106155121	Marionette	INFO	Listening on port 52444
1644106155189	RemoteAgent	WARN	TLS certificate errors will be ignored for this session
JavaScript warning: https://ajax.googleapis.com/ajax/libs/jquery/1.3.2/jquery.min.js, line 19: unreachable code after return statement
console.warn: LoginRecipes: "getRecipes: falling back to a synchronous message for:" "https://pfaf.org"
JavaScript warning: https://ajax.googleapis.com/ajax/libs/jquery/1.3.2/jquery.min.js, line 19: unreachable code after return statement
console.warn: LoginRecipes: "getRecipes: falling back to a synchronous message for:" "https://pfaf.org"
JavaScript warning: https://ajax.googleapis.com/ajax/libs/jquery/1.3.2/jquery.min.js, line 19: unreachable code after return statement
console.warn: LoginRecipes: "getRecipes: falling back to a synchronous message for:" "https://pfaf.org"
JavaScript warning: https://ajax.googleapis.com/ajax/libs/jquery/1.3.2/jquery.min.js, line 19: unreachable code after return statement
console.warn: LoginRecipes: "getRecipes: falling back to a synchronous message for:" "https://pfaf.org"
console.warn: LoginRecipes: "getRecipes: falling back to a synchronous message for:" "https://pfaf.org"
console.warn: LoginRecipes: "getRecipes: falling back to a synchronous message for:" "https://pfaf.org"
console.warn: LoginRecipes: "getRecipes: falling back to a synchronous message for:" "https://pfaf.org"
console.warn: LoginRecipes: "getRecipes: falling back to a synchronous message for:" "https://pfaf.org"
console.warn: LoginRecipes: "getRecipes: falling back to a synchronous message for:" "https://pfaf.org"
console.warn: LoginRecipes: "getRecipes: falling back to a synchronous message for:" "https://pfaf.org"
console.warn: LoginRecipes: "getRecipes: falling back to a synchronous message for:" "https://pfaf.org"
console.warn: LoginRecipes: "getRecipes: falling back to a synchronous message for:" "https://pfaf.org"
console.warn: LoginRecipes: "getRecipes: falling back to a synchronous message for:" "https://pfaf.org"
console.warn: LoginRecipes: "getRecipes: falling back to a synchronous message for:" "https://pfaf.org"
console.warn: LoginRecipes: "getRecipes: falling back to a synchronous message for:" "https://pfaf.org"
console.warn: LoginRecipes: "getRecipes: falling back to a synchronous message for:" "https://pfaf.org"
console.warn: LoginRecipes: "getRecipes: falling back to a synchronous message for:" "https://pfaf.org"
console.warn: LoginRecipes: "getRecipes: falling back to a synchronous message for:" "https://pfaf.org"
console.warn: LoginRecipes: "getRecipes: falling back to a synchronous message for:" "https://pfaf.org"
console.warn: LoginRecipes: "getRecipes: falling back to a synchronous message for:" "https://pfaf.org"
console.warn: LoginRecipes: "getRecipes: falling back to a synchronous message for:" "https://pfaf.org"
console.warn: LoginRecipes: "getRecipes: falling back to a synchronous message for:" "https://pfaf.org"
console.warn: LoginRecipes: "getRecipes: falling back to a synchronous message for:" "https://pfaf.org"
console.warn: LoginRecipes: "getRecipes: falling back to a synchronous message for:" "https://pfaf.org"
console.warn: LoginRecipes: "getRecipes: falling back to a synchronous message for:" "https://pfaf.org"
console.warn: LoginRecipes: "getRecipes: falling back to a synchronous message for:" "https://pfaf.org"
console.warn: LoginRecipes: "getRecipes: falling back to a synchronous message for:" "https://pfaf.org"
console.warn: LoginRecipes: "getRecipes: falling back to a synchronous message for:" "https://pfaf.org"
console.warn: LoginRecipes: "getRecipes: falling back to a synchronous message for:" "https://pfaf.org"
console.warn: LoginRecipes: "getRecipes: falling back to a synchronous message for:" "https://pfaf.org"
console.warn: LoginRecipes: "getRecipes: falling back to a synchronous message for:" "https://pfaf.org"
console.warn: LoginRecipes: "getRecipes: falling back to a synchronous message for:" "https://pfaf.org"
console.warn: LoginRecipes: "getRecipes: falling back to a synchronous message for:" "https://pfaf.org"
console.warn: LoginRecipes: "getRecipes: falling back to a synchronous message for:" "https://pfaf.org"
console.warn: LoginRecipes: "getRecipes: falling back to a synchronous message for:" "https://pfaf.org"
console.warn: LoginRecipes: "getRecipes: falling back to a synchronous message for:" "https://pfaf.org"
console.warn: LoginRecipes: "getRecipes: falling back to a synchronous message for:" "https://pfaf.org"
console.warn: LoginRecipes: "getRecipes: falling back to a synchronous message for:" "https://pfaf.org"
console.warn: LoginRecipes: "getRecipes: falling back to a synchronous message for:" "https://pfaf.org"
console.warn: LoginRecipes: "getRecipes: falling back to a synchronous message for:" "https://pfaf.org"
console.warn: LoginRecipes: "getRecipes: falling back to a synchronous message for:" "https://pfaf.org"
console.warn: LoginRecipes: "getRecipes: falling back to a synchronous message for:" "https://pfaf.org"
console.warn: LoginRecipes: "getRecipes: falling back to a synchronous message for:" "https://pfaf.org"
console.warn: LoginRecipes: "getRecipes: falling back to a synchronous message for:" "https://pfaf.org"
console.warn: LoginRecipes: "getRecipes: falling back to a synchronous message for:" "https://pfaf.org"
console.warn: LoginRecipes: "getRecipes: falling back to a synchronous message for:" "https://pfaf.org"
console.warn: LoginRecipes: "getRecipes: falling back to a synchronous message for:" "https://pfaf.org"
console.warn: LoginRecipes: "getRecipes: falling back to a synchronous message for:" "https://pfaf.org"
console.warn: LoginRecipes: "getRecipes: falling back to a synchronous message for:" "https://pfaf.org"
console.warn: LoginRecipes: "getRecipes: falling back to a synchronous message for:" "https://pfaf.org"
console.warn: LoginRecipes: "getRecipes: falling back to a synchronous message for:" "https://pfaf.org"
console.warn: LoginRecipes: "getRecipes: falling back to a synchronous message for:" "https://pfaf.org"
console.warn: LoginRecipes: "getRecipes: falling back to a synchronous message for:" "https://pfaf.org"
console.warn: LoginRecipes: "getRecipes: falling back to a synchronous message for:" "https://pfaf.org"
console.warn: LoginRecipes: "getRecipes: falling back to a synchronous message for:" "https://pfaf.org"
console.warn: LoginRecipes: "getRecipes: falling back to a synchronous message for:" "https://pfaf.org"
console.warn: LoginRecipes: "getRecipes: falling back to a synchronous message for:" "https://pfaf.org"
console.warn: LoginRecipes: "getRecipes: falling back to a synchronous message for:" "https://pfaf.org"
console.warn: LoginRecipes: "getRecipes: falling back to a synchronous message for:" "https://pfaf.org"
console.warn: LoginRecipes: "getRecipes: falling back to a synchronous message for:" "https://pfaf.org"
console.warn: LoginRecipes: "getRecipes: falling back to a synchronous message for:" "https://pfaf.org"
console.warn: LoginRecipes: "getRecipes: falling back to a synchronous message for:" "https://pfaf.org"
console.warn: LoginRecipes: "getRecipes: falling back to a synchronous message for:" "https://pfaf.org"
console.warn: LoginRecipes: "getRecipes: falling back to a synchronous message for:" "https://pfaf.org"
console.warn: LoginRecipes: "getRecipes: falling back to a synchronous message for:" "https://pfaf.org"
console.warn: LoginRecipes: "getRecipes: falling back to a synchronous message for:" "https://pfaf.org"
console.warn: LoginRecipes: "getRecipes: falling back to a synchronous message for:" "https://pfaf.org"
console.warn: LoginRecipes: "getRecipes: falling back to a synchronous message for:" "https://pfaf.org"
console.warn: LoginRecipes: "getRecipes: falling back to a synchronous message for:" "https://pfaf.org"
console.warn: LoginRecipes: "getRecipes: falling back to a synchronous message for:" "https://pfaf.org"
console.warn: LoginRecipes: "getRecipes: falling back to a synchronous message for:" "https://pfaf.org"
console.warn: LoginRecipes: "getRecipes: falling back to a synchronous message for:" "https://pfaf.org"
console.warn: LoginRecipes: "getRecipes: falling back to a synchronous message for:" "https://pfaf.org"
console.warn: LoginRecipes: "getRecipes: falling back to a synchronous message for:" "https://pfaf.org"
console.warn: LoginRecipes: "getRecipes: falling back to a synchronous message for:" "https://pfaf.org"
console.warn: LoginRecipes: "getRecipes: falling back to a synchronous message for:" "https://pfaf.org"
console.warn: LoginRecipes: "getRecipes: falling back to a synchronous message for:" "https://pfaf.org"
console.warn: LoginRecipes: "getRecipes: falling back to a synchronous message for:" "https://pfaf.org"
console.warn: LoginRecipes: "getRecipes: falling back to a synchronous message for:" "https://pfaf.org"
console.warn: LoginRecipes: "getRecipes: falling back to a synchronous message for:" "https://pfaf.org"
console.warn: LoginRecipes: "getRecipes: falling back to a synchronous message for:" "https://pfaf.org"
console.warn: LoginRecipes: "getRecipes: falling back to a synchronous message for:" "https://pfaf.org"
console.warn: LoginRecipes: "getRecipes: falling back to a synchronous message for:" "https://pfaf.org"
1644106308402	Marionette	INFO	Stopped listening on port 52444

###!!! [Parent][RunMessage] Error: Channel closing: too late to send/recv, messages will be lost

